android/app/build/intermediates/manifest_merge_blame_file/debug/manifest-merger-blame-debug-report.txt
1<?xml version="1.0" encoding="utf-8"?>
2<manifest xmlns:android="http://schemas.android.com/apk/res/android"
3    package="com.uploadimage"
4    android:versionCode="1"
5    android:versionName="1.0" >
6
7    <uses-sdk
8        android:minSdkVersion="21"
9        android:targetSdkVersion="29" />
10
11    <uses-permission android:name="android.permission.SYSTEM_ALERT_WINDOW" />
11-->src/debug/AndroidManifest.xml:5:5-77
11-->src/debug/AndroidManifest.xml:5:22-75
12    <uses-permission android:name="android.permission.INTERNET" />
12-->src/main/AndroidManifest.xml:4:5-67
12-->src/main/AndroidManifest.xml:4:22-64
13    <uses-permission android:name="android.permission.CAMERA" />
13-->src/main/AndroidManifest.xml:5:5-64
13-->src/main/AndroidManifest.xml:5:22-62
14    <uses-permission android:name="android.permission.ACCESS_WIFI_STATE" />
14-->[com.facebook.flipper:flipper:0.75.1] AndroidManifest.xml:16:5-76
14-->[com.facebook.flipper:flipper:0.75.1] AndroidManifest.xml:16:22-73
15
16    <queries>
16-->[:react-native-image-crop-picker] AndroidManifest.xml:10:5-14:15
17        <intent>
17-->[:react-native-image-crop-picker] AndroidManifest.xml:11:9-13:18
18            <action android:name="android.media.action.IMAGE_CAPTURE" />
18-->[:react-native-image-crop-picker] AndroidManifest.xml:12:13-73
18-->[:react-native-image-crop-picker] AndroidManifest.xml:12:21-70
19        </intent>
20    </queries>
21
22    <uses-permission android:name="android.permission.WRITE_EXTERNAL_STORAGE" />
22-->[:react-native-image-crop-picker] AndroidManifest.xml:16:5-81
22-->[:react-native-image-crop-picker] AndroidManifest.xml:16:22-78
23
24    <application
24-->src/main/AndroidManifest.xml:6:5-25:19
25        android:name="com.uploadimage.MainApplication"
25-->src/main/AndroidManifest.xml:7:7-38
26        android:allowBackup="false"
26-->src/main/AndroidManifest.xml:11:7-34
27        android:appComponentFactory="androidx.core.app.CoreComponentFactory"
27-->[androidx.core:core:1.1.0] AndroidManifest.xml:24:18-86
28        android:debuggable="true"
29        android:icon="@mipmap/ic_launcher"
29-->src/main/AndroidManifest.xml:9:7-41
30        android:label="@string/app_name"
30-->src/main/AndroidManifest.xml:8:7-39
31        android:roundIcon="@mipmap/ic_launcher_round"
31-->src/main/AndroidManifest.xml:10:7-52
32        android:testOnly="true"
33        android:theme="@style/AppTheme"
33-->src/main/AndroidManifest.xml:12:7-38
34        android:usesCleartextTraffic="true" >
34-->src/main/AndroidManifest.xml:13:7-42
35        <activity android:name="com.facebook.react.devsupport.DevSettingsActivity" />
35-->src/debug/AndroidManifest.xml:11:9-86
35-->src/debug/AndroidManifest.xml:11:19-83
36        <activity
36-->src/main/AndroidManifest.xml:14:7-24:18
37            android:name="com.uploadimage.MainActivity"
37-->src/main/AndroidManifest.xml:15:9-37
38            android:configChanges="keyboard|keyboardHidden|orientation|screenSize|uiMode"
38-->src/main/AndroidManifest.xml:17:9-86
39            android:label="@string/app_name"
39-->src/main/AndroidManifest.xml:16:9-41
40            android:launchMode="singleTask"
40-->src/main/AndroidManifest.xml:18:9-40
41            android:windowSoftInputMode="adjustResize" >
41-->src/main/AndroidManifest.xml:19:9-51
42            <intent-filter>
42-->src/main/AndroidManifest.xml:20:9-23:25
43                <action android:name="android.intent.action.MAIN" />
43-->src/main/AndroidManifest.xml:21:13-65
43-->src/main/AndroidManifest.xml:21:21-62
44
45                <category android:name="android.intent.category.LAUNCHER" />
45-->src/main/AndroidManifest.xml:22:13-73
45-->src/main/AndroidManifest.xml:22:23-70
46            </intent-filter>
47        </activity>
48
49        <provider
49-->[:react-native-image-crop-picker] AndroidManifest.xml:19:9-27:20
50            android:name="androidx.core.content.FileProvider"
50-->[:react-native-image-crop-picker] AndroidManifest.xml:20:13-62
51            android:authorities="com.uploadimage.provider"
51-->[:react-native-image-crop-picker] AndroidManifest.xml:21:13-60
52            android:exported="false"
52-->[:react-native-image-crop-picker] AndroidManifest.xml:22:13-37
53            android:grantUriPermissions="true" >
53-->[:react-native-image-crop-picker] AndroidManifest.xml:23:13-47
54            <meta-data
54-->[:react-native-image-crop-picker] AndroidManifest.xml:24:13-26:58
55                android:name="android.support.FILE_PROVIDER_PATHS"
55-->[:react-native-image-crop-picker] AndroidManifest.xml:25:17-67
56                android:resource="@xml/provider_paths" />
56-->[:react-native-image-crop-picker] AndroidManifest.xml:26:17-55
57        </provider>
58
59        <activity
59-->[:react-native-image-crop-picker] AndroidManifest.xml:29:9-31:72
60            android:name="com.yalantis.ucrop.UCropActivity"
60-->[:react-native-image-crop-picker] AndroidManifest.xml:30:13-60
61            android:theme="@style/Theme.AppCompat.Light.NoActionBar" />
61-->[:react-native-image-crop-picker] AndroidManifest.xml:31:13-69
62    </application>
63
64</manifest>